TN:
SF:src/library/AddressUtils.sol
FN:6,AddressUtils.toBytes32
FNDA:0,AddressUtils.toBytes32
DA:7,0
FN:10,AddressUtils.toAddress
FNDA:0,AddressUtils.toAddress
DA:11,0
FNF:2
FNH:0
LF:2
LH:0
BRF:0
BRH:0
end_of_record
TN:
SF:src/library/FixedPointArithmetic.sol
FN:27,FixedPointTypeHelper.u256
FNDA:0,FixedPointTypeHelper.u256
DA:28,0
FN:31,FixedPointTypeHelper.sqrt
FNDA:0,FixedPointTypeHelper.sqrt
DA:32,0
FN:35,FixedPointTypeHelper.mul
FNDA:0,FixedPointTypeHelper.mul
DA:36,0
FN:39,FixedPointTypeHelper.div
FNDA:0,FixedPointTypeHelper.div
DA:40,0
FN:21,Uint256WrapperHelper.fp
FNDA:0,Uint256WrapperHelper.fp
DA:22,0
FNF:5
FNH:0
LF:5
LH:0
BRF:0
BRH:0
end_of_record
TN:
SF:src/library/VersionManager.sol
FN:15,VersionManager.initialize
FNDA:0,VersionManager.initialize
DA:16,0
FN:19,VersionManager.activeStateHash
FNDA:0,VersionManager.activeStateHash
DA:20,0
BRDA:20,0,0,-
BRDA:20,0,1,-
DA:21,0
DA:24,0
BRDA:24,1,0,-
BRDA:24,1,1,-
DA:25,0
DA:28,0
FN:31,VersionManager.pendingStateHash
FNDA:0,VersionManager.pendingStateHash
DA:32,0
FN:35,VersionManager.verifyHashAgainstActiveState
FNDA:0,VersionManager.verifyHashAgainstActiveState
DA:40,0
FN:43,VersionManager.verifyHashAgainstLatestState
FNDA:0,VersionManager.verifyHashAgainstLatestState
DA:44,0
FN:47,VersionManager.setPendingState
FNDA:0,VersionManager.setPendingState
DA:48,0
BRDA:48,2,0,-
BRDA:48,2,1,-
DA:49,0
DA:51,0
DA:52,0
DA:54,0
FN:57,VersionManager.setPendingStateForActivation
FNDA:0,VersionManager.setPendingStateForActivation
DA:58,0
BRDA:58,3,0,-
BRDA:58,3,1,-
DA:60,0
DA:63,0
DA:64,0
FNF:7
FNH:0
LF:18
LH:0
BRF:8
BRH:0
end_of_record
TN:
SF:src/library/arrays/RAArrayHelper.sol
FN:8,RAArrayHelper.cd_append
FNDA:0,RAArrayHelper.cd_append
DA:13,0
DA:14,0
DA:18,0
DA:19,0
DA:21,0
DA:24,0
DA:26,0
FN:29,RAArrayHelper.cd_remove
FNDA:0,RAArrayHelper.cd_remove
DA:34,0
DA:35,0
DA:37,0
DA:38,0
BRDA:38,0,0,-
BRDA:38,0,1,-
DA:39,0
DA:41,0
DA:44,0
DA:48,0
FN:51,RAArrayHelper.cd_update
FNDA:0,RAArrayHelper.cd_update
DA:56,0
DA:57,0
DA:58,0
FN:61,RAArrayHelper.cd_hash
FNDA:0,RAArrayHelper.cd_hash
DA:62,0
FN:65,RAArrayHelper.cd_linearSearch
FNDA:0,RAArrayHelper.cd_linearSearch
DA:66,0
DA:67,0
DA:68,0
BRDA:68,1,0,-
BRDA:68,1,1,-
DA:69,0
DA:72,0
DA:75,0
FN:78,RAArrayHelper.m_hash
FNDA:0,RAArrayHelper.m_hash
DA:79,0
FN:82,RAArrayHelper.m_remove
FNDA:0,RAArrayHelper.m_remove
DA:83,0
DA:84,0
BRDA:84,2,0,-
BRDA:84,2,1,-
DA:85,0
FNF:7
FNH:0
LF:29
LH:0
BRF:6
BRH:0
end_of_record
TN:
SF:src/library/arrays/U16ArrayHelper.sol
FN:6,U16ArrayHelper.cd_append
FNDA:0,U16ArrayHelper.cd_append
DA:7,0
DA:8,0
DA:12,0
DA:13,0
DA:15,0
DA:18,0
DA:20,0
FN:23,U16ArrayHelper.cd_remove
FNDA:0,U16ArrayHelper.cd_remove
DA:24,0
DA:25,0
DA:27,0
DA:28,0
BRDA:28,0,0,-
BRDA:28,0,1,-
DA:29,0
DA:31,0
DA:34,0
DA:38,0
FN:41,U16ArrayHelper.cd_update
FNDA:0,U16ArrayHelper.cd_update
DA:46,0
DA:47,0
DA:48,0
FN:51,U16ArrayHelper.cd_hash
FNDA:0,U16ArrayHelper.cd_hash
DA:52,0
FN:55,U16ArrayHelper.cd_lowerBound
FNDA:0,U16ArrayHelper.cd_lowerBound
DA:56,0
DA:57,0
DA:59,0
DA:60,0
DA:61,0
BRDA:61,1,0,-
BRDA:61,1,1,-
DA:62,0
DA:64,0
DA:68,0
FN:71,U16ArrayHelper.m_hash
FNDA:0,U16ArrayHelper.m_hash
DA:72,0
FN:75,U16ArrayHelper.m_remove
FNDA:0,U16ArrayHelper.m_remove
DA:76,0
DA:77,0
BRDA:77,2,0,-
BRDA:77,2,1,-
DA:78,0
FNF:7
FNH:0
LF:31
LH:0
BRF:6
BRH:0
end_of_record
TN:
SF:src/library/arrays/U32ArrayHelper.sol
FN:6,U32ArrayHelper.cd_append
FNDA:0,U32ArrayHelper.cd_append
DA:7,0
DA:8,0
DA:12,0
DA:13,0
DA:15,0
DA:18,0
DA:20,0
FN:23,U32ArrayHelper.cd_remove
FNDA:0,U32ArrayHelper.cd_remove
DA:24,0
DA:25,0
DA:27,0
DA:28,0
BRDA:28,0,0,-
BRDA:28,0,1,-
DA:29,0
DA:31,0
DA:34,0
DA:38,0
FN:41,U32ArrayHelper.cd_update
FNDA:0,U32ArrayHelper.cd_update
DA:46,0
DA:47,0
DA:48,0
FN:51,U32ArrayHelper.cd_hash
FNDA:0,U32ArrayHelper.cd_hash
DA:52,0
FN:55,U32ArrayHelper.m_hash
FNDA:0,U32ArrayHelper.m_hash
DA:56,0
FN:59,U32ArrayHelper.m_remove
FNDA:0,U32ArrayHelper.m_remove
DA:60,0
DA:61,0
BRDA:61,1,0,-
BRDA:61,1,1,-
DA:62,0
FNF:6
FNH:0
LF:23
LH:0
BRF:4
BRH:0
end_of_record
TN:
SF:src/mock/minimal-application/MinimalApplication.sol
FN:11,MinimalApplication._getTransactionHash
FNDA:524,MinimalApplication._getTransactionHash
DA:12,524
DA:13,524
FN:16,MinimalApplication.executeMinimalApplication
FNDA:24,MinimalApplication.executeMinimalApplication
DA:17,24
DA:19,20
DA:20,20
FN:23,MinimalApplication.allocateMinimalApplicationTransaction
FNDA:50,MinimalApplication.allocateMinimalApplicationTransaction
DA:28,50
FNF:3
FNH:3
LF:6
LH:6
BRF:0
BRH:0
end_of_record
TN:
SF:src/transaction-allocator/common/TAHelpers.sol
FN:52,TAHelpers._isActiveRelayer
FNDA:145,TAHelpers._isActiveRelayer
DA:53,145
FN:56,TAHelpers._getRelayerStateHash
FNDA:488,TAHelpers._getRelayerStateHash
DA:57,488
FN:60,TAHelpers._verifyExternalStateForRelayerStateUpdation
FNDA:230,TAHelpers._verifyExternalStateForRelayerStateUpdation
DA:61,230
DA:64,230
BRDA:63,0,0,2
BRDA:63,0,1,228
DA:68,2
FN:72,TAHelpers._verifyExternalStateForTransactionAllocation
FNDA:147,TAHelpers._verifyExternalStateForTransactionAllocation
DA:77,147
DA:78,147
DA:81,147
BRDA:80,1,0,5
BRDA:80,1,1,142
DA:85,5
FN:90,TAHelpers._windowIndex
FNDA:1248,TAHelpers._windowIndex
DA:91,1248
FN:94,TAHelpers._nextWindowForUpdate
FNDA:29,TAHelpers._nextWindowForUpdate
DA:95,29
FN:99,TAHelpers._generateCdfArray_c
FNDA:125,TAHelpers._generateCdfArray_c
DA:100,125
DA:101,125
DA:103,125
DA:104,125
DA:105,125
DA:107,125
DA:108,806
DA:109,806
DA:111,806
DA:116,125
DA:117,125
DA:118,806
DA:119,806
DA:120,806
DA:122,806
DA:126,125
FN:129,TAHelpers._generateCdfArray_m
FNDA:96,TAHelpers._generateCdfArray_m
DA:130,96
DA:131,96
DA:133,96
DA:134,96
DA:135,96
DA:137,96
DA:138,566
DA:139,566
DA:141,566
DA:146,96
DA:147,96
DA:148,566
DA:149,566
DA:150,566
DA:152,566
DA:156,96
FN:159,TAHelpers._updateCdf_c
FNDA:15,TAHelpers._updateCdf_c
DA:160,15
DA:161,15
DA:163,15
DA:165,15
FN:168,TAHelpers._updateCdf_m
FNDA:96,TAHelpers._updateCdf_m
DA:169,96
DA:170,96
DA:172,96
DA:174,96
FN:178,TAHelpers._addDelegatorRewards
FNDA:128,TAHelpers._addDelegatorRewards
DA:179,128
BRDA:179,2,0,74
BRDA:179,2,1,128
DA:180,128
DA:182,74
DA:183,74
FN:187,TAHelpers._protocolRewardRate
FNDA:92,TAHelpers._protocolRewardRate
DA:188,92
DA:189,92
DA:190,92
DA:191,92
FN:194,TAHelpers._getLatestTotalUnpaidProtocolRewards
FNDA:400,TAHelpers._getLatestTotalUnpaidProtocolRewards
DA:195,400
DA:197,400
BRDA:197,3,0,320
BRDA:197,3,1,80
DA:198,320
DA:201,80
FN:205,TAHelpers._getLatestTotalUnpaidProtocolRewardsAndUpdateUpdatedTimestamp
FNDA:200,TAHelpers._getLatestTotalUnpaidProtocolRewardsAndUpdateUpdatedTimestamp
DA:209,200
DA:210,200
DA:211,200
FN:214,TAHelpers._protocolRewardRelayerSharePrice
FNDA:624,TAHelpers._protocolRewardRelayerSharePrice
DA:215,624
DA:217,624
BRDA:217,4,0,1
BRDA:217,4,1,623
DA:218,1
DA:220,623
FN:223,TAHelpers._protocolRewardsEarnedByRelayer
FNDA:341,TAHelpers._protocolRewardsEarnedByRelayer
DA:228,341
DA:229,341
DA:230,341
DA:233,341
DA:234,341
DA:235,341
FN:239,TAHelpers._splitRewards
FNDA:217,TAHelpers._splitRewards
DA:244,217
DA:245,217
FN:248,TAHelpers._getPendingProtocolRewardsData
FNDA:341,TAHelpers._getPendingProtocolRewardsData
DA:253,341
DA:254,341
BRDA:254,5,0,124
BRDA:254,5,1,217
DA:255,124
DA:258,217
DA:260,217
FN:265,TAHelpers._transfer
FNDA:115,TAHelpers._transfer
DA:266,115
BRDA:266,6,0,4
BRDA:266,6,1,111
DA:267,4
DA:269,111
FNF:19
FNH:19
LF:86
LH:86
BRF:14
BRH:14
end_of_record
TN:
SF:src/transaction-allocator/modules/application/ApplicationBase.sol
FN:10,ApplicationBase._verifyTransaction
FNDA:26,ApplicationBase._verifyTransaction
DA:11,26
BRDA:11,0,0,1
BRDA:11,0,1,25
DA:12,1
DA:15,25
DA:17,25
BRDA:17,1,0,3
BRDA:17,1,1,22
DA:18,3
FN:22,ApplicationBase._getCalldataParams
FNDA:27,ApplicationBase._getCalldataParams
DA:34,27
DA:35,27
DA:36,27
FN:40,ApplicationBase._getAllotedRelayerIndex
FNDA:533,ApplicationBase._getAllotedRelayerIndex
DA:41,533
FN:46,ApplicationBase._verifyTransactionAllocation
FNDA:25,ApplicationBase._verifyTransactionAllocation
DA:51,25
DA:52,25
FN:55,ApplicationBase._allocateTransaction
FNDA:58,ApplicationBase._allocateTransaction
DA:64,58
DA:65,58
DA:68,58
DA:69,58
DA:70,58
DA:71,58
DA:73,508
DA:74,508
DA:75,508
BRDA:75,2,0,-
BRDA:75,2,1,52
DA:76,52
DA:77,52
DA:78,52
DA:80,52
DA:85,508
DA:90,58
FNF:5
FNH:5
LF:26
LH:26
BRF:6
BRH:5
end_of_record
TN:
SF:src/transaction-allocator/modules/delegation/TADelegation.sol
FN:20,TADelegation._mintPoolShares
FNDA:22,TADelegation._mintPoolShares
DA:26,22
DA:28,22
DA:29,22
DA:31,22
DA:33,22
DA:35,22
FN:38,TADelegation._updateRelayerProtocolRewards
FNDA:15,TADelegation._updateRelayerProtocolRewards
DA:39,15
BRDA:39,0,0,13
BRDA:39,0,1,15
DA:40,15
DA:43,13
DA:44,13
DA:45,13
DA:48,13
DA:49,13
DA:51,13
BRDA:51,1,0,-
BRDA:51,1,1,13
DA:52,0
DA:56,13
BRDA:56,2,0,-
BRDA:56,2,1,13
DA:57,0
DA:58,0
DA:61,13
DA:62,13
DA:63,13
FN:66,TADelegation._mintAllPoolShares
FNDA:11,TADelegation._mintAllPoolShares
DA:69,11
DA:70,11
DA:71,11
BRDA:71,3,0,-
BRDA:71,3,1,11
DA:72,0
DA:75,11
DA:76,22
DA:78,22
FN:83,TADelegation.delegate
FNDA:12,TADelegation.delegate
DA:84,12
BRDA:84,4,0,1
BRDA:84,4,1,11
DA:85,1
DA:88,11
DA:90,11
DA:91,11
DA:93,11
DA:94,11
DA:97,11
DA:98,11
DA:100,11
DA:101,11
DA:102,11
DA:106,11
FN:109,TADelegation._processRewards
FNDA:8,TADelegation._processRewards
DA:112,8
DA:114,8
DA:116,8
BRDA:116,5,0,8
BRDA:116,5,1,8
DA:117,8
DA:118,8
DA:120,8
DA:122,8
DA:123,8
FN:129,TADelegation.undelegate
FNDA:4,TADelegation.undelegate
DA:130,4
DA:132,4
DA:134,4
DA:137,4
DA:138,4
DA:139,4
DA:140,8
DA:142,8
DA:148,4
DA:149,4
DA:150,4
DA:151,4
DA:152,4
DA:157,4
BRDA:157,6,0,2
BRDA:157,6,1,4
DA:158,2
FN:162,TADelegation._delegationSharePrice
FNDA:50,TADelegation._delegationSharePrice
DA:167,50
DA:168,50
DA:170,50
BRDA:170,7,0,8
BRDA:170,7,1,42
DA:171,8
DA:174,42
FN:180,TADelegation._delegationRewardsEarned
FNDA:8,TADelegation._delegationRewardsEarned
DA:185,8
DA:187,8
DA:188,8
DA:189,8
DA:191,8
FN:194,TADelegation.claimableDelegationRewards
FNDA:20,TADelegation.claimableDelegationRewards
DA:199,20
DA:201,20
DA:203,20
DA:204,20
DA:206,20
DA:207,20
DA:208,20
DA:209,20
DA:211,20
FN:215,TADelegation.totalDelegation
FNDA:113,TADelegation.totalDelegation
DA:216,113
FN:219,TADelegation.delegation
FNDA:10,TADelegation.delegation
DA:225,10
FN:228,TADelegation.shares
FNDA:0,TADelegation.shares
DA:234,0
FN:237,TADelegation.totalShares
FNDA:0,TADelegation.totalShares
DA:243,0
FN:246,TADelegation.unclaimedDelegationRewards
FNDA:24,TADelegation.unclaimedDelegationRewards
DA:252,24
FN:255,TADelegation.supportedPools
FNDA:1,TADelegation.supportedPools
DA:256,1
FN:259,TADelegation.minimumDelegationAmount
FNDA:1,TADelegation.minimumDelegationAmount
DA:260,1
FNF:16
FNH:14
LF:90
LH:84
BRF:16
BRH:13
end_of_record
TN:
SF:src/transaction-allocator/modules/delegation/TADelegationStorage.sol
FN:22,TADelegationStorage.getTADStorage
FNDA:578,TADelegationStorage.getTADStorage
DA:23,578
DA:25,578
FNF:1
FNH:1
LF:2
LH:2
BRF:0
BRH:0
end_of_record
TN:
SF:src/transaction-allocator/modules/relayer-management/TARelayerManagement.sol
FN:28,TARelayerManagement.register
FNDA:38,TARelayerManagement.register
DA:35,38
DA:36,37
DA:39,37
DA:40,37
DA:43,34
DA:44,34
DA:45,34
FN:48,TARelayerManagement.registerFoundationRelayer
FNDA:1,TARelayerManagement.registerFoundationRelayer
DA:55,1
DA:58,1
BRDA:58,0,0,-
BRDA:58,0,1,1
DA:59,0
DA:62,1
DA:65,1
DA:66,1
DA:67,1
DA:68,1
DA:69,1
FN:72,TARelayerManagement._register
FNDA:38,TARelayerManagement._register
DA:79,38
DA:80,38
DA:82,38
BRDA:82,1,0,-
BRDA:82,1,1,38
DA:83,0
DA:85,38
BRDA:85,2,0,1
BRDA:85,2,1,37
DA:86,1
DA:88,37
BRDA:88,3,0,1
BRDA:88,3,1,36
DA:89,1
DA:91,36
BRDA:91,4,0,1
BRDA:91,4,1,35
DA:92,1
DA:96,35
DA:99,35
DA:100,35
DA:101,35
DA:102,35
DA:103,35
DA:104,35
DA:107,35
DA:108,35
DA:109,35
FN:113,TARelayerManagement.unregister
FNDA:54,TARelayerManagement.unregister
DA:118,54
DA:120,53
BRDA:120,5,0,1
BRDA:120,5,1,52
DA:121,1
DA:125,52
DA:126,52
BRDA:126,6,0,1
BRDA:126,6,1,51
DA:127,1
DA:130,51
DA:131,51
DA:134,51
DA:136,51
DA:139,51
DA:140,51
DA:143,51
DA:146,51
DA:147,51
DA:148,51
DA:149,51
DA:151,51
BRDA:151,7,0,14
BRDA:151,7,1,51
DA:152,14
DA:153,14
DA:158,51
DA:159,51
DA:162,51
DA:163,51
DA:166,51
DA:167,51
DA:168,51
DA:170,51
FN:173,TARelayerManagement.withdraw
FNDA:13,TARelayerManagement.withdraw
DA:174,13
DA:176,13
DA:177,13
DA:179,13
BRDA:179,8,0,1
BRDA:179,8,1,12
DA:180,1
DA:184,12
BRDA:184,9,0,1
BRDA:184,9,1,11
DA:185,1
DA:189,11
BRDA:189,10,0,1
BRDA:189,10,1,10
DA:190,1
DA:193,10
DA:194,10
DA:195,10
DA:197,10
FN:200,TARelayerManagement._deleteRelayerAccountAddresses
FNDA:10,TARelayerManagement._deleteRelayerAccountAddresses
DA:204,10
DA:205,10
DA:206,10
DA:207,100
DA:209,100
FN:214,TARelayerManagement.unjailAndReenter
FNDA:5,TARelayerManagement.unjailAndReenter
DA:215,5
DA:216,5
DA:217,5
DA:219,5
BRDA:219,11,0,1
BRDA:219,11,1,4
DA:220,1
DA:222,4
BRDA:222,12,0,1
BRDA:222,12,1,3
DA:223,1
DA:225,3
BRDA:225,13,0,1
BRDA:225,13,1,2
DA:226,1
DA:228,2
DA:229,2
DA:232,2
DA:235,2
DA:236,2
DA:237,2
DA:238,2
DA:242,2
DA:243,2
DA:244,2
DA:247,2
DA:248,2
DA:250,2
FN:254,TARelayerManagement.setRelayerAccountsStatus
FNDA:2,TARelayerManagement.setRelayerAccountsStatus
DA:259,1
DA:260,1
DA:261,1
FN:264,TARelayerManagement._setRelayerAccountStatus
FNDA:1,TARelayerManagement._setRelayerAccountStatus
DA:269,1
DA:271,1
BRDA:271,14,0,-
BRDA:271,14,1,1
DA:272,0
DA:276,1
DA:277,1
DA:278,10
DA:280,10
FN:285,TARelayerManagement._setRelayerAccountStatus
FNDA:35,TARelayerManagement._setRelayerAccountStatus
DA:290,35
DA:291,35
DA:292,35
DA:293,341
DA:295,341
FN:301,TARelayerManagement.claimProtocolReward
FNDA:70,TARelayerManagement.claimProtocolReward
DA:302,68
DA:304,68
DA:307,68
DA:308,68
DA:311,68
DA:312,68
DA:315,68
DA:316,68
DA:317,68
DA:318,68
DA:319,68
DA:321,68
BRDA:321,15,0,68
BRDA:321,15,1,68
DA:322,68
DA:323,68
FN:327,TARelayerManagement.relayerClaimableProtocolRewards
FNDA:183,TARelayerManagement.relayerClaimableProtocolRewards
DA:328,183
DA:329,183
DA:330,183
BRDA:330,16,0,3
BRDA:330,16,1,180
DA:331,3
DA:334,180
DA:336,180
DA:338,180
FN:341,TARelayerManagement.protocolRewardRate
FNDA:12,TARelayerManagement.protocolRewardRate
DA:342,12
FN:346,TARelayerManagement.relayerCount
FNDA:32,TARelayerManagement.relayerCount
DA:347,32
FN:350,TARelayerManagement.totalStake
FNDA:46,TARelayerManagement.totalStake
DA:351,46
FN:354,TARelayerManagement.relayerInfo
FNDA:628,TARelayerManagement.relayerInfo
DA:355,628
DA:356,628
DA:358,628
FN:369,TARelayerManagement.relayerInfo_isAccount
FNDA:241,TARelayerManagement.relayerInfo_isAccount
DA:375,241
FN:378,TARelayerManagement.isGasTokenSupported
FNDA:1,TARelayerManagement.isGasTokenSupported
DA:379,1
FN:382,TARelayerManagement.relayersPerWindow
FNDA:1,TARelayerManagement.relayersPerWindow
DA:383,1
FN:386,TARelayerManagement.blocksPerWindow
FNDA:25,TARelayerManagement.blocksPerWindow
DA:387,25
FN:390,TARelayerManagement.bondTokenAddress
FNDA:1,TARelayerManagement.bondTokenAddress
DA:391,1
FN:394,TARelayerManagement.getLatestCdfArray
FNDA:110,TARelayerManagement.getLatestCdfArray
DA:400,110
DA:401,110
DA:403,110
FN:406,TARelayerManagement.jailTimeInSec
FNDA:8,TARelayerManagement.jailTimeInSec
DA:407,8
FN:410,TARelayerManagement.withdrawDelayInSec
FNDA:1,TARelayerManagement.withdrawDelayInSec
DA:411,1
FN:414,TARelayerManagement.absencePenaltyPercentage
FNDA:18,TARelayerManagement.absencePenaltyPercentage
DA:415,18
FN:418,TARelayerManagement.minimumStakeAmount
FNDA:14,TARelayerManagement.minimumStakeAmount
DA:419,14
FN:422,TARelayerManagement.relayerStateUpdateDelayInWindows
FNDA:1,TARelayerManagement.relayerStateUpdateDelayInWindows
DA:423,1
FN:426,TARelayerManagement.relayerStateHash
FNDA:0,TARelayerManagement.relayerStateHash
DA:427,0
DA:428,0
DA:429,0
FN:432,TARelayerManagement.totalUnpaidProtocolRewards
FNDA:0,TARelayerManagement.totalUnpaidProtocolRewards
DA:433,0
FN:436,TARelayerManagement.lastUnpaidRewardUpdatedTimestamp
FNDA:0,TARelayerManagement.lastUnpaidRewardUpdatedTimestamp
DA:437,0
FN:440,TARelayerManagement.totalProtocolRewardShares
FNDA:37,TARelayerManagement.totalProtocolRewardShares
DA:441,37
FN:444,TARelayerManagement.baseRewardRatePerMinimumStakePerSec
FNDA:1,TARelayerManagement.baseRewardRatePerMinimumStakePerSec
DA:445,1
FNF:32
FNH:29
LF:166
LH:158
BRF:34
BRH:31
end_of_record
TN:
SF:src/transaction-allocator/modules/relayer-management/TARelayerManagementStorage.sol
FN:55,TARelayerManagementStorage.getRMStorage
FNDA:5901,TARelayerManagementStorage.getRMStorage
DA:56,5901
DA:58,5901
FNF:1
FNH:1
LF:2
LH:2
BRF:0
BRH:0
end_of_record
TN:
SF:src/transaction-allocator/modules/transaction-allocation/TATransactionAllocation.sol
FN:20,TATransactionAllocation.execute
FNDA:59,TATransactionAllocation.execute
DA:21,59
DA:22,59
BRDA:22,0,0,-
BRDA:22,0,1,59
DA:23,0
DA:26,59
DA:29,59
DA:37,49
DA:38,49
DA:42,49
DA:43,49
BRDA:43,1,0,5
BRDA:43,1,1,44
DA:44,5
DA:46,44
DA:50,44
DA:58,41
DA:60,41
BRDA:60,2,0,29
BRDA:60,2,1,41
DA:62,29
DA:65,29
DA:66,29
DA:69,29
DA:70,29
DA:71,29
DA:75,41
BRDA:75,3,0,12
BRDA:75,3,1,41
DA:77,12
DA:78,12
FN:91,TATransactionAllocation._verifyRelayerSelection
FNDA:59,TATransactionAllocation._verifyRelayerSelection
DA:98,59
DA:102,54
DA:106,54
DA:107,54
DA:108,54
DA:111,239
DA:112,190
BRDA:112,4,0,5
BRDA:112,4,1,27
DA:113,32
BRDA:113,5,0,-
BRDA:113,5,1,32
DA:114,0
DA:118,32
DA:119,32
DA:122,32
BRDA:121,6,0,5
BRDA:121,6,1,27
DA:128,5
DA:131,27
DA:135,185
DA:136,185
DA:141,49
DA:142,49
DA:144,49
BRDA:144,7,0,-
BRDA:144,7,1,49
DA:145,0
FN:149,TATransactionAllocation._randomNumberForCdfSelection
FNDA:912,TATransactionAllocation._randomNumberForCdfSelection
DA:155,912
DA:156,912
DA:157,912
FN:160,TATransactionAllocation._executeTransactions
FNDA:44,TATransactionAllocation._executeTransactions
DA:167,44
DA:169,44
DA:170,25
DA:174,25
DA:176,25
BRDA:176,8,0,3
BRDA:176,8,1,22
DA:177,3
DA:181,22
FN:186,TATransactionAllocation._executeTransaction
FNDA:25,TATransactionAllocation._executeTransaction
DA:193,25
FN:200,TATransactionAllocation._verifySufficientValueAttached
FNDA:59,TATransactionAllocation._verifySufficientValueAttached
DA:201,59
DA:202,59
DA:203,59
DA:204,55
DA:206,55
DA:209,59
BRDA:209,9,0,-
BRDA:209,9,1,59
DA:210,0
FN:222,TATransactionAllocation.allocateRelayers
FNDA:88,TATransactionAllocation.allocateRelayers
DA:228,88
DA:232,88
BRDA:232,10,0,-
BRDA:232,10,1,88
DA:233,0
DA:236,88
BRDA:236,11,0,-
BRDA:236,11,1,88
DA:237,0
DA:241,88
DA:242,88
DA:243,88
DA:246,88
DA:247,88
DA:249,88
DA:250,880
DA:251,880
DA:252,880
DA:254,880
DA:257,88
FN:278,TATransactionAllocation._processLivenessCheck
FNDA:29,TATransactionAllocation._processLivenessCheck
DA:283,29
DA:285,29
DA:286,29
DA:287,29
DA:288,29
DA:289,29
DA:290,29
DA:291,29
DA:294,29
BRDA:294,12,0,14
BRDA:294,12,1,15
DA:295,14
DA:296,14
DA:299,15
DA:300,15
DA:301,150
DA:306,150
DA:310,15
DA:312,15
FN:315,TATransactionAllocation._processLivenessCheckForRelayer
FNDA:150,TATransactionAllocation._processLivenessCheckForRelayer
DA:323,150
BRDA:322,13,0,23
BRDA:322,13,1,150
DA:327,150
DA:330,23
DA:331,23
DA:332,23
DA:333,23
DA:335,23
BRDA:335,14,0,12
BRDA:335,14,1,11
DA:336,12
DA:338,11
FN:351,TATransactionAllocation._penalizeRelayer
FNDA:12,TATransactionAllocation._penalizeRelayer
DA:358,12
DA:361,12
DA:362,12
DA:365,12
DA:368,12
BRDA:368,15,0,10
BRDA:368,15,1,12
DA:370,10
DA:374,10
DA:375,10
DA:377,10
DA:381,12
FN:384,TATransactionAllocation._penalizeAndJailRelayer
FNDA:11,TATransactionAllocation._penalizeAndJailRelayer
DA:394,11
DA:395,11
DA:398,11
BRDA:398,16,0,9
BRDA:398,16,1,11
DA:400,9
DA:401,9
DA:402,9
DA:405,9
DA:407,9
DA:408,9
DA:410,9
DA:411,9
DA:415,11
DA:416,11
DA:419,11
DA:420,11
DA:421,11
DA:424,11
DA:427,11
BRDA:427,17,0,-
BRDA:427,17,1,9
DA:429,9
DA:432,9
DA:435,9
BRDA:435,18,0,9
BRDA:435,18,1,9
DA:436,9
DA:439,9
DA:443,9
DA:447,11
DA:448,11
FN:451,TATransactionAllocation._postLivenessCheck
FNDA:15,TATransactionAllocation._postLivenessCheck
DA:454,15
DA:457,15
BRDA:457,19,0,11
BRDA:457,19,1,15
DA:458,11
DA:460,15
BRDA:460,20,0,9
BRDA:460,20,1,15
DA:461,9
DA:463,15
BRDA:463,21,0,11
BRDA:463,21,1,15
DA:464,11
DA:467,15
DA:468,15
BRDA:468,22,0,13
BRDA:468,22,1,15
DA:469,13
DA:473,15
BRDA:473,23,0,2
BRDA:473,23,1,9
DA:474,11
DA:475,11
BRDA:475,24,0,2
BRDA:475,24,1,9
DA:476,2
DA:478,9
DA:483,15
BRDA:483,25,0,15
BRDA:483,25,1,15
DA:484,15
FN:488,TATransactionAllocation._removeRelayerFromRelayerList
FNDA:9,TATransactionAllocation._removeRelayerFromRelayerList
DA:493,9
BRDA:493,26,0,-
BRDA:493,26,1,-
DA:494,0
DA:496,9
FN:499,TATransactionAllocation.calculateMinimumTranasctionsForLiveness
FNDA:2,TATransactionAllocation.calculateMinimumTranasctionsForLiveness
DA:505,152
BRDA:505,27,0,-
BRDA:505,27,1,152
DA:506,0
DA:509,152
BRDA:509,28,0,-
BRDA:509,28,1,152
DA:510,0
DA:513,152
DA:514,152
DA:515,152
DA:516,152
DA:518,152
BRDA:518,29,0,151
BRDA:518,29,1,1
DA:519,151
DA:523,1
FN:526,TATransactionAllocation._verifyRelayerLiveness
FNDA:150,TATransactionAllocation._verifyRelayerLiveness
DA:532,150
DA:533,150
DA:535,150
DA:537,150
BRDA:537,30,0,-
BRDA:537,30,1,135
DA:538,135
DA:541,150
DA:549,150
DA:550,150
DA:551,150
DA:552,150
FN:555,TATransactionAllocation._calculatePenalty
FNDA:23,TATransactionAllocation._calculatePenalty
DA:556,23
FN:560,TATransactionAllocation.transactionsSubmittedByRelayer
FNDA:5,TATransactionAllocation.transactionsSubmittedByRelayer
DA:561,5
FN:564,TATransactionAllocation.totalTransactionsSubmitted
FNDA:1,TATransactionAllocation.totalTransactionsSubmitted
DA:565,1
FN:568,TATransactionAllocation.epochLengthInSec
FNDA:1,TATransactionAllocation.epochLengthInSec
DA:569,1
FN:572,TATransactionAllocation.epochEndTimestamp
FNDA:56,TATransactionAllocation.epochEndTimestamp
DA:573,56
FN:576,TATransactionAllocation.livenessZParameter
FNDA:3,TATransactionAllocation.livenessZParameter
DA:577,3
FN:580,TATransactionAllocation.stakeThresholdForJailing
FNDA:0,TATransactionAllocation.stakeThresholdForJailing
DA:581,0
FNF:22
FNH:21
LF:187
LH:177
BRF:62
BRH:50
end_of_record
TN:
SF:src/transaction-allocator/modules/transaction-allocation/TATransactionAllocationStorage.sol
FN:25,TATransactionAllocationStorage.getTAStorage
FNDA:300,TATransactionAllocationStorage.getTAStorage
DA:26,300
DA:28,300
FNF:1
FNH:1
LF:2
LH:2
BRF:0
BRH:0
end_of_record
TN:
SF:src/transaction-allocator/proxy/TAProxy.sol
FN:48,TAProxy.
FNDA:2215,TAProxy.
DA:49,2215
DA:50,2215
FN:65,TAProxy._initialize
FNDA:0,TAProxy._initialize
DA:66,0
DA:67,0
DA:68,0
DA:71,0
DA:72,0
DA:73,0
DA:74,0
DA:75,0
DA:76,0
DA:77,0
DA:78,0
DA:79,0
DA:80,0
DA:81,0
DA:82,0
DA:83,0
DA:84,0
DA:85,0
DA:86,0
DA:87,0
DA:89,0
DA:94,0
DA:95,0
DA:98,0
DA:100,0
DA:112,0
BRDA:112,0,0,-
BRDA:112,0,1,-
FN:119,TAProxy._addModule
FNDA:0,TAProxy._addModule
DA:120,0
DA:121,0
DA:122,0
BRDA:122,1,0,-
BRDA:122,1,1,-
DA:123,0
DA:125,0
DA:127,0
DA:128,0
DA:129,0
FNF:3
FNH:1
LF:36
LH:2
BRF:4
BRH:0
end_of_record
TN:
SF:src/transaction-allocator/proxy/TAProxyStorage.sol
FN:14,TAProxyStorage.getProxyStorage
FNDA:2215,TAProxyStorage.getProxyStorage
DA:15,2215
DA:17,2215
FNF:1
FNH:1
LF:2
LH:2
BRF:0
BRH:0
end_of_record
TN:
SF:src/wormhole/BRNWormholeDeliveryProvider.sol
FN:52,BRNWormholeDeliveryProvider.quoteEvmDeliveryPrice
FNDA:7,BRNWormholeDeliveryProvider.quoteEvmDeliveryPrice
DA:58,18
DA:59,18
DA:60,18
DA:62,18
DA:63,18
DA:65,18
BRDA:65,0,0,-
BRDA:65,0,1,18
FN:71,BRNWormholeDeliveryProvider.quoteDeliveryPrice
FNDA:11,BRNWormholeDeliveryProvider.quoteDeliveryPrice
DA:77,11
DA:78,11
BRDA:78,1,0,-
BRDA:78,1,1,-
DA:79,0
DA:82,11
DA:83,11
DA:84,11
DA:86,11
FN:92,BRNWormholeDeliveryProvider.quoteAssetConversion
FNDA:4,BRNWormholeDeliveryProvider.quoteAssetConversion
DA:98,4
FN:102,BRNWormholeDeliveryProvider.getRewardAddress
FNDA:9,BRNWormholeDeliveryProvider.getRewardAddress
DA:103,9
FN:106,BRNWormholeDeliveryProvider.getTargetChainAddress
FNDA:4,BRNWormholeDeliveryProvider.getTargetChainAddress
DA:107,4
FN:110,BRNWormholeDeliveryProvider.isChainSupported
FNDA:9,BRNWormholeDeliveryProvider.isChainSupported
DA:111,9
FN:115,BRNWormholeDeliveryProvider.quoteAssetConversion
FNDA:4,BRNWormholeDeliveryProvider.quoteAssetConversion
DA:120,4
DA:121,4
FN:131,BRNWormholeDeliveryProvider.wormholeMessageFee
FNDA:0,BRNWormholeDeliveryProvider.wormholeMessageFee
DA:132,18
FN:136,BRNWormholeDeliveryProvider.quoteDeliveryOverhead
FNDA:0,BRNWormholeDeliveryProvider.quoteDeliveryOverhead
DA:137,18
DA:138,18
DA:139,18
DA:140,18
BRDA:140,2,0,-
BRDA:140,2,1,18
DA:141,18
FN:145,BRNWormholeDeliveryProvider.quoteGasPrice
FNDA:0,BRNWormholeDeliveryProvider.quoteGasPrice
DA:146,18
DA:147,18
BRDA:147,3,0,-
BRDA:147,3,1,18
DA:148,18
FN:152,BRNWormholeDeliveryProvider.assetConversion
FNDA:36,BRNWormholeDeliveryProvider.assetConversion
DA:157,36
FN:167,BRNWormholeDeliveryProvider.quoteAssetCost
FNDA:18,BRNWormholeDeliveryProvider.quoteAssetCost
DA:172,18
DA:173,18
FN:200,BRNWormholeDeliveryProvider.claimFee
FNDA:11,BRNWormholeDeliveryProvider.claimFee
DA:204,11
DA:205,11
DA:207,11
BRDA:207,4,0,1
BRDA:207,4,1,10
DA:208,1
DA:211,10
DA:212,10
DA:214,2
DA:219,2
DA:220,2
BRDA:220,5,0,-
BRDA:220,5,1,2
DA:221,0
FN:225,BRNWormholeDeliveryProvider._checkClaim
FNDA:10,BRNWormholeDeliveryProvider._checkClaim
DA:229,10
DA:231,9
DA:234,9
DA:236,9
BRDA:236,6,0,1
BRDA:236,6,1,8
DA:237,1
DA:240,8
BRDA:240,7,0,1
BRDA:240,7,1,7
DA:241,1
DA:246,7
BRDA:246,8,0,1
BRDA:246,8,1,6
DA:247,1
DA:250,6
DA:251,6
DA:253,6
DA:256,6
DA:257,6
DA:258,5
DA:261,1
DA:265,2
FN:268,BRNWormholeDeliveryProvider._checkRedeliveryVAAClaim
FNDA:5,BRNWormholeDeliveryProvider._checkRedeliveryVAAClaim
DA:273,5
DA:275,4
BRDA:275,9,0,1
BRDA:275,9,1,3
DA:276,1
DA:279,3
BRDA:279,10,0,1
BRDA:279,10,1,2
DA:280,1
DA:283,2
DA:284,2
DA:286,2
BRDA:286,11,0,1
BRDA:286,11,1,1
DA:287,1
DA:290,1
DA:291,1
DA:293,1
DA:295,1
FN:298,BRNWormholeDeliveryProvider._parseAndVerifyVAA
FNDA:15,BRNWormholeDeliveryProvider._parseAndVerifyVAA
DA:299,15
DA:301,15
BRDA:301,12,0,2
BRDA:301,12,1,13
DA:302,2
DA:305,13
FN:308,BRNWormholeDeliveryProvider._compareVaaKey
FNDA:2,BRNWormholeDeliveryProvider._compareVaaKey
DA:309,2
FN:313,BRNWormholeDeliveryProvider.setGasPrice
FNDA:0,BRNWormholeDeliveryProvider.setGasPrice
DA:314,0
FN:317,BRNWormholeDeliveryProvider.setNativeCurrencyPrice
FNDA:0,BRNWormholeDeliveryProvider.setNativeCurrencyPrice
DA:322,0
FN:325,BRNWormholeDeliveryProvider.setDeliverGasOverhead
FNDA:0,BRNWormholeDeliveryProvider.setDeliverGasOverhead
DA:326,0
FN:329,BRNWormholeDeliveryProvider.setMaximumBudget
FNDA:0,BRNWormholeDeliveryProvider.setMaximumBudget
DA:330,0
FN:333,BRNWormholeDeliveryProvider.setIsWormholeChainSupported
FNDA:0,BRNWormholeDeliveryProvider.setIsWormholeChainSupported
DA:338,0
FN:341,BRNWormholeDeliveryProvider.setBrnRelayerProviderAddress
FNDA:0,BRNWormholeDeliveryProvider.setBrnRelayerProviderAddress
DA:346,0
FN:349,BRNWormholeDeliveryProvider.setAssetConversionBuffer
FNDA:0,BRNWormholeDeliveryProvider.setAssetConversionBuffer
DA:354,0
FN:357,BRNWormholeDeliveryProvider.setBrnTransactionAllocatorAddress
FNDA:1,BRNWormholeDeliveryProvider.setBrnTransactionAllocatorAddress
DA:362,1
FNF:25
FNH:15
LF:84
LH:75
BRF:26
BRH:20
end_of_record
TN:
SF:src/wormhole/WormholeApplication.sol
FN:24,WormholeApplication.initializeWormholeApplication
FNDA:0,WormholeApplication.initializeWormholeApplication
DA:25,0
DA:26,0
BRDA:26,0,0,-
BRDA:26,0,1,-
DA:27,0
DA:30,0
DA:31,0
DA:32,0
DA:34,0
FN:38,WormholeApplication._getTransactionHash
FNDA:8,WormholeApplication._getTransactionHash
DA:39,8
DA:40,8
DA:42,8
FN:45,WormholeApplication._hashSequenceNumber
FNDA:10,WormholeApplication._hashSequenceNumber
DA:46,10
FN:49,WormholeApplication._parseVAASelective
FNDA:10,WormholeApplication._parseVAASelective
DA:76,10
DA:77,10
BRDA:77,1,0,-
BRDA:77,1,1,10
DA:78,0
DA:81,10
DA:82,10
DA:84,10
DA:85,10
FN:88,WormholeApplication.allocateWormholeDeliveryVAA
FNDA:8,WormholeApplication.allocateWormholeDeliveryVAA
DA:93,8
FN:97,WormholeApplication.executeWormhole
FNDA:2,WormholeApplication.executeWormhole
DA:102,2
DA:103,2
DA:104,2
DA:107,2
DA:108,2
DA:109,2
DA:114,2
DA:124,2
DA:126,2
FNF:6
FNH:5
LF:28
LH:20
BRF:4
BRH:1
end_of_record
TN:
SF:src/wormhole/WormholeApplicationStorage.sol
FN:20,WormholeApplicationStorage.getWHStorage
FNDA:2,WormholeApplicationStorage.getWHStorage
DA:21,2
DA:23,2
FNF:1
FNH:1
LF:2
LH:2
BRF:0
BRH:0
end_of_record
