TN:
SF:src/library/FixedPointArithmetic.sol
FN:21,Uint256WrapperHelper.fp
FNDA:0,Uint256WrapperHelper.fp
DA:22,0
FN:27,FixedPointTypeHelper.u256
FNDA:0,FixedPointTypeHelper.u256
DA:28,0
FN:31,FixedPointTypeHelper.sqrt
FNDA:0,FixedPointTypeHelper.sqrt
DA:32,0
FNF:3
FNH:0
LF:3
LH:0
BRF:0
BRH:0
end_of_record
TN:
SF:src/library/VersionManager.sol
FN:15,VersionManager.initialize
FNDA:0,VersionManager.initialize
DA:16,0
FN:19,VersionManager._activeStateHash
FNDA:0,VersionManager._activeStateHash
DA:20,0
BRDA:20,0,0,-
BRDA:20,0,1,-
DA:21,0
DA:24,0
BRDA:24,1,0,-
BRDA:24,1,1,-
DA:25,0
DA:28,0
FN:31,VersionManager._pendingStateHash
FNDA:0,VersionManager._pendingStateHash
DA:32,0
FN:35,VersionManager.verifyHashAgainstActiveState
FNDA:0,VersionManager.verifyHashAgainstActiveState
DA:40,0
FN:43,VersionManager.verifyHashAgainstLatestState
FNDA:0,VersionManager.verifyHashAgainstLatestState
DA:44,0
FN:47,VersionManager.setPendingState
FNDA:0,VersionManager.setPendingState
DA:48,0
BRDA:48,2,0,-
BRDA:48,2,1,-
DA:49,0
DA:51,0
DA:52,0
DA:54,0
FN:57,VersionManager.setPendingStateForActivation
FNDA:0,VersionManager.setPendingStateForActivation
DA:58,0
BRDA:58,3,0,-
BRDA:58,3,1,-
DA:60,0
DA:63,0
DA:64,0
FNF:7
FNH:0
LF:18
LH:0
BRF:8
BRH:0
end_of_record
TN:
SF:src/library/arrays/RAArrayHelper.sol
FN:8,RAArrayHelper.cd_append
FNDA:0,RAArrayHelper.cd_append
DA:13,0
DA:14,0
DA:18,0
DA:19,0
DA:21,0
DA:24,0
DA:26,0
FN:29,RAArrayHelper.cd_remove
FNDA:0,RAArrayHelper.cd_remove
DA:34,0
DA:35,0
DA:37,0
DA:38,0
BRDA:38,0,0,-
BRDA:38,0,1,-
DA:39,0
DA:41,0
DA:44,0
DA:48,0
FN:51,RAArrayHelper.cd_update
FNDA:0,RAArrayHelper.cd_update
DA:56,0
DA:57,0
DA:58,0
FN:61,RAArrayHelper.cd_hash
FNDA:0,RAArrayHelper.cd_hash
DA:62,0
FN:65,RAArrayHelper.cd_linearSearch
FNDA:0,RAArrayHelper.cd_linearSearch
DA:66,0
DA:67,0
DA:68,0
BRDA:68,1,0,-
BRDA:68,1,1,-
DA:69,0
DA:72,0
DA:75,0
FN:78,RAArrayHelper.m_hash
FNDA:0,RAArrayHelper.m_hash
DA:79,0
FN:82,RAArrayHelper.m_remove
FNDA:0,RAArrayHelper.m_remove
DA:83,0
DA:84,0
BRDA:84,2,0,-
BRDA:84,2,1,-
DA:85,0
FNF:7
FNH:0
LF:29
LH:0
BRF:6
BRH:0
end_of_record
TN:
SF:src/library/arrays/U16ArrayHelper.sol
FN:6,U16ArrayHelper.cd_append
FNDA:0,U16ArrayHelper.cd_append
DA:7,0
DA:8,0
DA:12,0
DA:13,0
DA:15,0
DA:18,0
DA:20,0
FN:23,U16ArrayHelper.cd_remove
FNDA:0,U16ArrayHelper.cd_remove
DA:24,0
DA:25,0
DA:27,0
DA:28,0
BRDA:28,0,0,-
BRDA:28,0,1,-
DA:29,0
DA:31,0
DA:34,0
DA:38,0
FN:41,U16ArrayHelper.cd_update
FNDA:0,U16ArrayHelper.cd_update
DA:46,0
DA:47,0
DA:48,0
FN:51,U16ArrayHelper.cd_hash
FNDA:0,U16ArrayHelper.cd_hash
DA:52,0
FN:55,U16ArrayHelper.cd_lowerBound
FNDA:0,U16ArrayHelper.cd_lowerBound
DA:56,0
DA:57,0
DA:59,0
DA:60,0
DA:61,0
BRDA:61,1,0,-
BRDA:61,1,1,-
DA:62,0
DA:64,0
DA:68,0
FN:71,U16ArrayHelper.m_hash
FNDA:0,U16ArrayHelper.m_hash
DA:72,0
FN:75,U16ArrayHelper.m_remove
FNDA:0,U16ArrayHelper.m_remove
DA:76,0
DA:77,0
BRDA:77,2,0,-
BRDA:77,2,1,-
DA:78,0
FNF:7
FNH:0
LF:31
LH:0
BRF:6
BRH:0
end_of_record
TN:
SF:src/library/arrays/U32ArrayHelper.sol
FN:6,U32ArrayHelper.cd_append
FNDA:0,U32ArrayHelper.cd_append
DA:7,0
DA:8,0
DA:12,0
DA:13,0
DA:15,0
DA:18,0
DA:20,0
FN:23,U32ArrayHelper.cd_remove
FNDA:0,U32ArrayHelper.cd_remove
DA:24,0
DA:25,0
DA:27,0
DA:28,0
BRDA:28,0,0,-
BRDA:28,0,1,-
DA:29,0
DA:31,0
DA:34,0
DA:38,0
FN:41,U32ArrayHelper.cd_update
FNDA:0,U32ArrayHelper.cd_update
DA:46,0
DA:47,0
DA:48,0
FN:51,U32ArrayHelper.cd_hash
FNDA:0,U32ArrayHelper.cd_hash
DA:52,0
FN:55,U32ArrayHelper.m_hash
FNDA:0,U32ArrayHelper.m_hash
DA:56,0
FN:59,U32ArrayHelper.m_remove
FNDA:0,U32ArrayHelper.m_remove
DA:60,0
DA:61,0
BRDA:61,1,0,-
BRDA:61,1,1,-
DA:62,0
FNF:6
FNH:0
LF:23
LH:0
BRF:4
BRH:0
end_of_record
TN:
SF:src/transaction-allocator/common/TAHelpers.sol
FN:44,TAHelpers._isActiveRelayer
FNDA:24,TAHelpers._isActiveRelayer
DA:45,24
FN:48,TAHelpers._getRelayerStateHash
FNDA:351,TAHelpers._getRelayerStateHash
DA:49,351
FN:52,TAHelpers._verifyExternalStateForRelayerStateUpdation
FNDA:154,TAHelpers._verifyExternalStateForRelayerStateUpdation
DA:57,154
DA:60,154
BRDA:59,0,0,-
BRDA:59,0,1,154
DA:64,0
FN:68,TAHelpers._verifyExternalStateForTransactionAllocation
FNDA:125,TAHelpers._verifyExternalStateForTransactionAllocation
DA:73,125
DA:74,125
DA:77,125
BRDA:76,1,0,6
BRDA:76,1,1,119
DA:81,6
FN:86,TAHelpers._windowIndex
FNDA:1046,TAHelpers._windowIndex
DA:87,1046
FN:90,TAHelpers._nextWindowForUpdate
FNDA:19,TAHelpers._nextWindowForUpdate
DA:91,19
FN:94,TAHelpers._windowIndexToStartingBlock
FNDA:0,TAHelpers._windowIndexToStartingBlock
DA:95,0
FN:99,TAHelpers._generateCdfArray_c
FNDA:89,TAHelpers._generateCdfArray_c
DA:105,89
DA:106,89
DA:108,89
DA:109,89
DA:110,89
DA:112,89
DA:113,596
DA:114,596
DA:116,596
DA:121,89
DA:122,89
DA:123,596
DA:124,596
DA:125,596
DA:127,596
DA:131,89
FN:134,TAHelpers._generateCdfArray_m
FNDA:58,TAHelpers._generateCdfArray_m
DA:140,58
DA:141,58
DA:143,58
DA:144,58
DA:145,58
DA:147,58
DA:148,338
DA:149,338
DA:151,338
DA:156,58
DA:157,58
DA:158,338
DA:159,338
DA:160,338
DA:162,338
DA:166,58
FN:169,TAHelpers._updateCdf_c
FNDA:14,TAHelpers._updateCdf_c
DA:171,14
DA:172,14
DA:174,14
FN:179,TAHelpers._updateCdf_m
FNDA:58,TAHelpers._updateCdf_m
DA:181,58
DA:182,58
DA:184,58
FN:190,TAHelpers._addDelegatorRewards
FNDA:0,TAHelpers._addDelegatorRewards
DA:191,0
DA:193,0
FN:197,TAHelpers._protocolRewardRate
FNDA:0,TAHelpers._protocolRewardRate
DA:198,0
DA:199,0
DA:200,0
FN:205,TAHelpers._getUpdatedUnpaidProtocolRewards
FNDA:0,TAHelpers._getUpdatedUnpaidProtocolRewards
DA:206,0
DA:207,0
FN:211,TAHelpers._updateProtocolRewards
FNDA:0,TAHelpers._updateProtocolRewards
DA:213,0
DA:215,0
BRDA:215,2,0,-
BRDA:215,2,1,-
DA:216,0
DA:219,0
DA:220,0
FN:223,TAHelpers._protocolRewardRelayerSharePrice
FNDA:0,TAHelpers._protocolRewardRelayerSharePrice
DA:224,0
DA:226,0
BRDA:226,3,0,-
BRDA:226,3,1,-
DA:227,0
DA:229,0
FN:232,TAHelpers._protocolRewardsEarnedByRelayer
FNDA:0,TAHelpers._protocolRewardsEarnedByRelayer
DA:233,0
DA:234,0
DA:235,0
DA:236,0
FN:239,TAHelpers._splitRewards
FNDA:0,TAHelpers._splitRewards
DA:244,0
DA:245,0
FN:248,TAHelpers._burnRewardSharesForRelayerAndGetRewards
FNDA:0,TAHelpers._burnRewardSharesForRelayerAndGetRewards
DA:249,0
DA:251,0
DA:252,0
BRDA:252,4,0,-
BRDA:252,4,1,-
DA:253,0
DA:256,0
DA:257,0
DA:258,0
DA:260,0
DA:261,0
DA:263,0
DA:265,0
FN:269,TAHelpers._transfer
FNDA:24,TAHelpers._transfer
DA:270,24
BRDA:270,5,0,-
BRDA:270,5,1,4
DA:271,4
DA:272,4
BRDA:272,6,0,-
BRDA:272,6,1,4
DA:273,0
DA:276,4
DA:277,4
BRDA:277,7,0,-
BRDA:277,7,1,4
DA:278,0
DA:281,20
DA:282,20
DA:283,20
BRDA:283,8,0,-
BRDA:283,8,1,20
DA:284,0
DA:287,20
FNF:20
FNH:11
LF:95
LH:57
BRF:18
BRH:7
end_of_record
TN:
SF:src/transaction-allocator/modules/application/base-application/ApplicationBase.sol
FN:22,ApplicationBase._getCalldataParams
FNDA:20,ApplicationBase._getCalldataParams
DA:34,20
DA:35,20
DA:36,20
FN:42,ApplicationBase._getAllotedRelayerIndex
FNDA:210,ApplicationBase._getAllotedRelayerIndex
DA:48,210
FN:51,ApplicationBase._verifyTransactionAllocation
FNDA:10,ApplicationBase._verifyTransactionAllocation
DA:56,10
FN:59,ApplicationBase._allocateTransaction
FNDA:20,ApplicationBase._allocateTransaction
DA:68,20
DA:69,20
DA:70,20
BRDA:70,0,0,-
BRDA:70,0,1,20
DA:71,0
DA:75,20
DA:76,20
DA:77,20
DA:78,20
DA:80,200
DA:81,200
BRDA:81,1,0,-
BRDA:81,1,1,20
DA:82,20
DA:83,20
DA:84,20
DA:86,20
DA:91,200
DA:96,20
FNF:4
FNH:4
LF:21
LH:20
BRF:4
BRH:2
end_of_record
TN:
SF:src/transaction-allocator/modules/application/wormhole/WormholeApplication.sol
FN:16,WormholeApplication.initialize
FNDA:0,WormholeApplication.initialize
DA:17,0
DA:18,0
BRDA:18,0,0,-
BRDA:18,0,1,-
DA:19,0
DA:22,0
DA:23,0
DA:24,0
DA:26,0
FN:30,WormholeApplication._getTransactionHash
FNDA:210,WormholeApplication._getTransactionHash
DA:31,210
DA:32,210
DA:34,210
FN:38,WormholeApplication._getVAASequenceNumber
FNDA:220,WormholeApplication._getVAASequenceNumber
DA:39,220
DA:41,220
DA:42,220
BRDA:42,1,0,-
BRDA:42,1,1,220
DA:43,0
DA:46,220
DA:47,220
DA:48,220
DA:49,220
FN:52,WormholeApplication.allocateWormholeDeliveryVAA
FNDA:20,WormholeApplication.allocateWormholeDeliveryVAA
DA:57,20
FN:61,WormholeApplication.executeWormhole
FNDA:10,WormholeApplication.executeWormhole
DA:68,10
DA:69,10
DA:72,10
DA:73,10
DA:74,10
DA:75,10
DA:77,10
FNF:5
FNH:4
LF:26
LH:18
BRF:4
BRH:1
end_of_record
TN:
SF:src/transaction-allocator/modules/application/wormhole/WormholeApplicationStorage.sol
FN:19,WormholeApplicationStorage.getWHStorage
FNDA:10,WormholeApplicationStorage.getWHStorage
DA:20,10
DA:22,10
FNF:1
FNH:1
LF:2
LH:2
BRF:0
BRH:0
end_of_record
TN:
SF:src/transaction-allocator/modules/delegation/TADelegation.sol
FN:25,TADelegation._mintPoolShares
FNDA:22,TADelegation._mintPoolShares
DA:31,22
DA:33,22
DA:34,22
DA:36,22
DA:38,22
DA:40,22
FN:43,TADelegation._updateRelayerProtocolRewards
FNDA:0,TADelegation._updateRelayerProtocolRewards
DA:44,0
BRDA:44,0,0,-
BRDA:44,0,1,-
DA:45,0
DA:46,0
DA:49,0
DA:50,0
BRDA:50,1,0,-
BRDA:50,1,1,-
DA:51,0
DA:55,0
BRDA:55,2,0,-
BRDA:55,2,1,-
DA:56,0
DA:57,0
FN:62,TADelegation._mintAllPoolShares
FNDA:11,TADelegation._mintAllPoolShares
DA:65,11
DA:66,11
DA:67,11
BRDA:67,3,0,-
BRDA:67,3,1,11
DA:68,0
DA:71,11
DA:72,22
DA:74,22
FN:79,TADelegation.delegate
FNDA:12,TADelegation.delegate
DA:80,12
BRDA:80,4,0,1
BRDA:80,4,1,11
DA:81,1
DA:84,11
DA:86,11
DA:89,11
DA:90,11
DA:93,11
DA:94,11
DA:96,11
DA:97,11
DA:98,11
DA:102,11
FN:105,TADelegation._processRewards
FNDA:8,TADelegation._processRewards
DA:108,8
DA:110,8
DA:112,8
BRDA:112,5,0,8
BRDA:112,5,1,8
DA:113,8
DA:114,8
DA:116,8
DA:118,8
DA:119,8
FN:124,TADelegation.undelegate
FNDA:4,TADelegation.undelegate
DA:128,4
DA:130,4
DA:131,4
BRDA:131,6,0,2
BRDA:131,6,1,2
DA:133,2
DA:139,2
BRDA:139,7,0,-
BRDA:139,7,1,2
DA:140,0
DA:144,4
DA:149,4
DA:150,4
DA:151,4
DA:152,8
DA:154,8
DA:160,4
DA:161,4
DA:162,4
DA:163,4
DA:164,4
DA:169,4
BRDA:169,8,0,2
BRDA:169,8,1,4
DA:170,2
FN:174,TADelegation.delegationSharePrice
FNDA:0,TADelegation.delegationSharePrice
DA:180,50
DA:181,50
BRDA:181,9,0,8
BRDA:181,9,1,42
DA:182,8
DA:184,42
DA:185,42
DA:186,42
DA:188,42
FN:191,TADelegation.delegationRewardsEarned
FNDA:20,TADelegation.delegationRewardsEarned
DA:196,28
DA:198,28
DA:199,28
DA:200,28
DA:202,28
FN:206,TADelegation.totalDelegation
FNDA:113,TADelegation.totalDelegation
DA:207,113
DA:208,113
FN:211,TADelegation.delegation
FNDA:10,TADelegation.delegation
DA:217,10
DA:218,10
FN:221,TADelegation.shares
FNDA:0,TADelegation.shares
DA:227,0
DA:228,0
FN:231,TADelegation.totalShares
FNDA:0,TADelegation.totalShares
DA:237,0
DA:238,0
FN:241,TADelegation.unclaimedRewards
FNDA:0,TADelegation.unclaimedRewards
DA:247,0
DA:248,0
FN:251,TADelegation.supportedPools
FNDA:1,TADelegation.supportedPools
DA:252,1
FN:255,TADelegation.minimumDelegationAmount
FNDA:1,TADelegation.minimumDelegationAmount
DA:256,1
FN:259,TADelegation.baseRewardRatePerMinimumStakePerSec
FNDA:1,TADelegation.baseRewardRatePerMinimumStakePerSec
DA:260,1
FNF:16
FNH:11
LF:86
LH:69
BRF:20
BRH:12
end_of_record
TN:
SF:src/transaction-allocator/modules/delegation/TADelegationStorage.sol
FN:26,TADelegationStorage.getTADStorage
FNDA:407,TADelegationStorage.getTADStorage
DA:27,407
DA:29,407
FNF:1
FNH:1
LF:2
LH:2
BRF:0
BRH:0
end_of_record
TN:
SF:src/transaction-allocator/modules/relayer-management/TARelayerManagement.sol
FN:31,TARelayerManagement.register
FNDA:36,TARelayerManagement.register
DA:38,36
DA:40,36
DA:41,36
DA:42,36
DA:44,36
BRDA:44,0,0,1
BRDA:44,0,1,35
DA:45,1
DA:47,35
BRDA:47,1,0,1
BRDA:47,1,1,34
DA:48,1
DA:50,34
BRDA:50,2,0,1
BRDA:50,2,1,33
DA:51,1
DA:55,33
DA:58,33
DA:59,33
DA:60,33
DA:62,33
DA:63,33
DA:66,33
DA:67,33
DA:70,33
DA:71,33
DA:72,33
FN:76,TARelayerManagement.unregister
FNDA:22,TARelayerManagement.unregister
DA:82,22
DA:84,22
BRDA:84,3,0,1
BRDA:84,3,1,21
DA:85,1
DA:89,21
DA:90,21
BRDA:90,4,0,1
BRDA:90,4,1,20
DA:91,1
DA:96,20
DA:97,20
DA:100,20
DA:101,20
DA:104,20
DA:105,20
DA:109,20
DA:110,20
DA:112,20
FN:116,TARelayerManagement.withdraw
FNDA:11,TARelayerManagement.withdraw
DA:117,11
DA:119,11
DA:120,11
DA:122,11
BRDA:122,5,0,1
BRDA:122,5,1,10
DA:123,1
DA:126,10
BRDA:126,6,0,1
BRDA:126,6,1,9
DA:127,1
DA:129,9
DA:130,9
DA:132,9
FN:135,TARelayerManagement.unjail
FNDA:4,TARelayerManagement.unjail
DA:136,4
DA:137,4
DA:138,4
DA:140,4
BRDA:140,7,0,1
BRDA:140,7,1,3
DA:141,1
DA:143,3
BRDA:143,8,0,1
BRDA:143,8,1,2
DA:144,1
DA:146,2
BRDA:146,9,0,1
BRDA:146,9,1,1
DA:147,1
DA:149,1
DA:152,1
DA:155,1
DA:156,1
DA:157,1
DA:161,1
DA:162,1
DA:165,1
DA:166,1
DA:168,1
FN:172,TARelayerManagement.setRelayerAccountsStatus
FNDA:2,TARelayerManagement.setRelayerAccountsStatus
DA:177,1
DA:178,1
DA:179,1
FN:182,TARelayerManagement._setRelayerAccountStatus
FNDA:1,TARelayerManagement._setRelayerAccountStatus
DA:187,1
DA:189,1
BRDA:189,10,0,-
BRDA:189,10,1,1
DA:190,0
DA:194,1
DA:195,1
DA:196,10
DA:198,10
FN:203,TARelayerManagement._setRelayerAccountStatus
FNDA:33,TARelayerManagement._setRelayerAccountStatus
DA:208,33
DA:209,33
DA:210,33
DA:211,330
DA:213,330
FN:219,TARelayerManagement.claimProtocolReward
FNDA:0,TARelayerManagement.claimProtocolReward
DA:220,0
DA:223,0
DA:224,0
DA:227,0
DA:228,0
DA:233,0
DA:234,0
DA:235,0
DA:237,0
FN:240,TARelayerManagement._mintProtocolRewardShares
FNDA:0,TARelayerManagement._mintProtocolRewardShares
DA:241,0
DA:243,0
DA:245,0
DA:246,0
DA:248,0
DA:250,0
FN:254,TARelayerManagement.relayerCount
FNDA:29,TARelayerManagement.relayerCount
DA:255,29
FN:258,TARelayerManagement.totalStake
FNDA:43,TARelayerManagement.totalStake
DA:259,43
FN:262,TARelayerManagement.relayerInfo
FNDA:295,TARelayerManagement.relayerInfo
DA:263,295
DA:264,295
DA:266,295
FN:278,TARelayerManagement.relayerInfo_isAccount
FNDA:151,TARelayerManagement.relayerInfo_isAccount
DA:284,151
FN:287,TARelayerManagement.isGasTokenSupported
FNDA:1,TARelayerManagement.isGasTokenSupported
DA:288,1
FN:291,TARelayerManagement.relayersPerWindow
FNDA:1,TARelayerManagement.relayersPerWindow
DA:292,1
FN:295,TARelayerManagement.blocksPerWindow
FNDA:20,TARelayerManagement.blocksPerWindow
DA:296,20
FN:299,TARelayerManagement.bondTokenAddress
FNDA:1,TARelayerManagement.bondTokenAddress
DA:300,1
FN:303,TARelayerManagement.getLatestCdfArray
FNDA:75,TARelayerManagement.getLatestCdfArray
DA:309,75
DA:310,75
DA:312,75
FN:315,TARelayerManagement.jailTimeInSec
FNDA:6,TARelayerManagement.jailTimeInSec
DA:316,6
FN:319,TARelayerManagement.withdrawDelayInSec
FNDA:1,TARelayerManagement.withdrawDelayInSec
DA:320,1
FN:323,TARelayerManagement.absencePenaltyPercentage
FNDA:15,TARelayerManagement.absencePenaltyPercentage
DA:324,15
FN:327,TARelayerManagement.minimumStakeAmount
FNDA:12,TARelayerManagement.minimumStakeAmount
DA:328,12
FN:331,TARelayerManagement.relayerStateUpdateDelayInWindows
FNDA:1,TARelayerManagement.relayerStateUpdateDelayInWindows
DA:332,1
FNF:23
FNH:21
LF:113
LH:97
BRF:22
BRH:21
end_of_record
TN:
SF:src/transaction-allocator/modules/relayer-management/TARelayerManagementStorage.sol
FN:56,TARelayerManagementStorage.getRMStorage
FNDA:2845,TARelayerManagementStorage.getRMStorage
DA:57,2845
DA:59,2845
FNF:1
FNH:1
LF:2
LH:2
BRF:0
BRH:0
end_of_record
TN:
SF:src/transaction-allocator/modules/transaction-allocation/TATransactionAllocation.sol
FN:23,TATransactionAllocation.execute
FNDA:44,TATransactionAllocation.execute
DA:24,44
DA:25,44
BRDA:25,0,0,-
BRDA:25,0,1,44
DA:26,0
DA:29,44
DA:32,44
DA:40,26
DA:43,26
DA:51,26
DA:52,26
DA:54,26
BRDA:54,1,0,19
BRDA:54,1,1,26
DA:56,19
DA:59,19
DA:60,19
DA:63,19
DA:64,19
DA:65,19
DA:69,26
BRDA:69,2,0,7
BRDA:69,2,1,26
DA:71,7
DA:72,7
FN:85,TATransactionAllocation._verifyRelayerSelection
FNDA:44,TATransactionAllocation._verifyRelayerSelection
DA:92,44
DA:96,38
DA:100,38
DA:101,38
DA:104,123
DA:105,97
BRDA:105,3,0,12
BRDA:105,3,1,8
DA:106,20
BRDA:106,4,0,-
BRDA:106,4,1,20
DA:107,0
DA:111,20
DA:112,20
DA:115,20
BRDA:114,5,0,12
BRDA:114,5,1,8
DA:121,12
DA:126,85
DA:127,85
DA:132,26
DA:133,26
DA:135,26
BRDA:135,6,0,-
BRDA:135,6,1,26
DA:136,0
FN:140,TATransactionAllocation._randomNumberForCdfSelection
FNDA:830,TATransactionAllocation._randomNumberForCdfSelection
DA:146,830
DA:147,830
DA:148,830
FN:151,TATransactionAllocation._executeTransactions
FNDA:26,TATransactionAllocation._executeTransactions
DA:158,26
DA:160,26
DA:161,20
DA:165,20
DA:167,20
BRDA:167,7,0,-
BRDA:167,7,1,20
DA:168,0
DA:172,20
FN:177,TATransactionAllocation._executeTransaction
FNDA:20,TATransactionAllocation._executeTransaction
DA:184,20
FN:191,TATransactionAllocation._verifySufficientValueAttached
FNDA:44,TATransactionAllocation._verifySufficientValueAttached
DA:196,44
DA:197,44
DA:198,44
DA:199,58
DA:201,58
DA:204,44
BRDA:204,8,0,-
BRDA:204,8,1,44
DA:205,0
FN:217,TATransactionAllocation.allocateRelayers
FNDA:81,TATransactionAllocation.allocateRelayers
DA:223,81
DA:227,81
BRDA:227,9,0,-
BRDA:227,9,1,81
DA:228,0
DA:231,81
BRDA:231,10,0,-
BRDA:231,10,1,81
DA:232,0
DA:236,81
DA:237,81
DA:238,81
DA:241,81
DA:242,81
DA:244,81
DA:245,810
DA:246,810
DA:247,810
DA:249,810
DA:252,81
FN:264,TATransactionAllocation._processLivenessCheck
FNDA:19,TATransactionAllocation._processLivenessCheck
DA:269,19
DA:271,19
DA:272,19
DA:275,19
BRDA:275,11,0,12
BRDA:275,11,1,7
DA:276,12
DA:277,12
DA:281,7
DA:283,7
DA:284,7
DA:285,70
DA:287,70
DA:288,70
DA:291,70
DA:293,70
BRDA:293,12,0,-
BRDA:293,12,1,4
DA:295,68
DA:298,68
BRDA:298,13,0,-
BRDA:298,13,1,4
DA:300,4
DA:303,4
BRDA:303,14,0,4
BRDA:303,14,1,4
DA:304,4
DA:306,4
DA:310,4
DA:316,70
DA:320,7
DA:329,7
FN:332,TATransactionAllocation._processLivenessCheckForRelayer
FNDA:70,TATransactionAllocation._processLivenessCheckForRelayer
DA:338,70
BRDA:338,15,0,55
BRDA:338,15,1,15
DA:339,55
DA:342,15
DA:345,15
DA:346,15
DA:348,15
BRDA:348,16,0,5
BRDA:348,16,1,15
DA:349,5
DA:350,5
FN:354,TATransactionAllocation._postLivnessCheck
FNDA:7,TATransactionAllocation._postLivnessCheck
DA:362,7
DA:365,7
BRDA:365,17,0,5
BRDA:365,17,1,7
DA:366,5
DA:368,7
BRDA:368,18,0,4
BRDA:368,18,1,7
DA:369,4
DA:373,7
BRDA:373,19,0,1
BRDA:373,19,1,4
DA:374,5
DA:375,5
BRDA:375,20,0,1
BRDA:375,20,1,4
DA:376,1
DA:378,4
DA:383,7
BRDA:383,21,0,7
BRDA:383,21,1,7
DA:384,7
FN:388,TATransactionAllocation._jailRelayer
FNDA:5,TATransactionAllocation._jailRelayer
DA:389,5
DA:390,5
DA:392,5
DA:393,5
DA:394,5
DA:395,5
FN:398,TATransactionAllocation._penalizeRelayer
FNDA:15,TATransactionAllocation._penalizeRelayer
DA:403,15
DA:404,15
DA:405,15
DA:406,15
DA:408,15
DA:410,15
FN:413,TATransactionAllocation._removeRelayerFromRelayerList
FNDA:4,TATransactionAllocation._removeRelayerFromRelayerList
DA:418,4
BRDA:418,22,0,-
BRDA:418,22,1,-
DA:419,0
DA:421,4
FN:424,TATransactionAllocation.calculateMinimumTranasctionsForLiveness
FNDA:2,TATransactionAllocation.calculateMinimumTranasctionsForLiveness
DA:430,72
BRDA:430,23,0,-
BRDA:430,23,1,72
DA:431,0
DA:434,72
BRDA:434,24,0,-
BRDA:434,24,1,72
DA:435,0
DA:438,72
DA:439,72
DA:440,72
DA:441,72
DA:442,72
BRDA:442,25,0,72
BRDA:442,25,1,-
DA:443,72
DA:446,0
FN:449,TATransactionAllocation._verifyRelayerLiveness
FNDA:70,TATransactionAllocation._verifyRelayerLiveness
DA:455,70
DA:456,70
DA:458,70
DA:460,70
BRDA:460,26,0,-
BRDA:460,26,1,63
DA:461,63
DA:464,70
DA:472,70
DA:473,70
DA:474,70
DA:475,70
FN:478,TATransactionAllocation._calculatePenalty
FNDA:15,TATransactionAllocation._calculatePenalty
DA:479,15
FN:483,TATransactionAllocation.transactionsSubmittedByRelayer
FNDA:6,TATransactionAllocation.transactionsSubmittedByRelayer
DA:484,6
FN:487,TATransactionAllocation.totalTransactionsSubmitted
FNDA:1,TATransactionAllocation.totalTransactionsSubmitted
DA:488,1
FN:491,TATransactionAllocation.epochLengthInSec
FNDA:1,TATransactionAllocation.epochLengthInSec
DA:492,1
FN:495,TATransactionAllocation.epochEndTimestamp
FNDA:19,TATransactionAllocation.epochEndTimestamp
DA:496,19
FN:499,TATransactionAllocation.livenessZParameter
FNDA:3,TATransactionAllocation.livenessZParameter
DA:500,3
FNF:21
FNH:21
LF:157
LH:146
BRF:54
BRH:39
end_of_record
TN:
SF:src/transaction-allocator/modules/transaction-allocation/TATransactionAllocationStorage.sol
FN:23,TATransactionAllocationStorage.getTAStorage
FNDA:190,TATransactionAllocationStorage.getTAStorage
DA:24,190
DA:26,190
FNF:1
FNH:1
LF:2
LH:2
BRF:0
BRH:0
end_of_record
TN:
SF:src/transaction-allocator/proxy/TAProxy.sol
FN:49,TAProxy.
FNDA:1223,TAProxy.
DA:50,1223
DA:51,1223
FN:67,TAProxy._initialize
FNDA:0,TAProxy._initialize
DA:68,0
DA:69,0
DA:70,0
DA:73,0
DA:74,0
DA:75,0
DA:76,0
DA:77,0
DA:78,0
DA:79,0
DA:80,0
DA:81,0
DA:82,0
DA:83,0
DA:84,0
DA:85,0
DA:86,0
DA:87,0
DA:88,0
DA:90,0
DA:95,0
DA:96,0
DA:99,0
BRDA:99,0,0,-
BRDA:99,0,1,-
DA:100,0
BRDA:100,1,0,-
BRDA:100,1,1,-
DA:101,0
BRDA:101,2,0,-
BRDA:101,2,1,-
DA:102,0
DA:105,0
DA:106,0
DA:107,0
DA:108,0
DA:109,0
DA:110,0
DA:111,0
DA:112,0
DA:114,0
DA:117,0
DA:118,0
DA:119,0
DA:120,0
DA:121,0
DA:122,0
DA:123,0
FN:130,TAProxy._addModule
FNDA:0,TAProxy._addModule
DA:131,0
DA:132,0
DA:133,0
BRDA:133,3,0,-
BRDA:133,3,1,-
DA:134,0
DA:136,0
DA:138,0
DA:139,0
DA:140,0
FNF:3
FNH:1
LF:52
LH:2
BRF:8
BRH:0
end_of_record
TN:
SF:src/transaction-allocator/proxy/TAProxyStorage.sol
FN:14,TAProxyStorage.getProxyStorage
FNDA:1223,TAProxyStorage.getProxyStorage
DA:15,1223
DA:17,1223
FNF:1
FNH:1
LF:2
LH:2
BRF:0
BRH:0
end_of_record
